INFO  | 2021-12-21 13:52:01 | [main] javapractise.App (App.java:17) - nullwill be printed on info
WARN  | 2021-12-21 13:52:01 | [main] javapractise.App (App.java:18) - nullwill be printed on warn
ERROR | 2021-12-21 13:52:01 | [main] javapractise.App (App.java:19) - nullwill be printed on error
FATAL | 2021-12-21 13:52:01 | [main] javapractise.App (App.java:20) - nullwill be printed on fatal
INFO  | 2021-12-21 13:52:01 | [main] javapractise.App (App.java:21) - Appending string: null,
INFO  | 2021-12-21 13:54:18 | [main] javapractise.App (App.java:17) - Hello worldwill be printed on info
WARN  | 2021-12-21 13:54:18 | [main] javapractise.App (App.java:18) - Hello worldwill be printed on warn
ERROR | 2021-12-21 13:54:18 | [main] javapractise.App (App.java:19) - Hello worldwill be printed on error
FATAL | 2021-12-21 13:54:18 | [main] javapractise.App (App.java:20) - Hello worldwill be printed on fatal
INFO  | 2021-12-21 13:54:18 | [main] javapractise.App (App.java:21) - Appending string: Hello world,
INFO  | 2021-12-21 13:58:21 | [main] javapractise.App (App.java:17) - Hello worldwill be printed on info
WARN  | 2021-12-21 13:58:21 | [main] javapractise.App (App.java:18) - Hello worldwill be printed on warn
ERROR | 2021-12-21 13:58:21 | [main] javapractise.App (App.java:19) - Hello worldwill be printed on error
FATAL | 2021-12-21 13:58:21 | [main] javapractise.App (App.java:20) - Hello worldwill be printed on fatal
INFO  | 2021-12-21 13:58:21 | [main] javapractise.App (App.java:21) - Appending string: Hello world,
INFO  | 2021-12-21 13:59:35 | [main] javapractise.App (App.java:17) - Hello worldwill be printed on info
WARN  | 2021-12-21 13:59:36 | [main] javapractise.App (App.java:18) - Hello worldwill be printed on warn
ERROR | 2021-12-21 13:59:36 | [main] javapractise.App (App.java:19) - Hello worldwill be printed on error
FATAL | 2021-12-21 13:59:36 | [main] javapractise.App (App.java:20) - Hello worldwill be printed on fatal
INFO  | 2021-12-21 13:59:36 | [main] javapractise.App (App.java:21) - Appending string: Hello world,
DEBUG | 2021-12-21 14:04:20 | [main] javapractise.App (App.java:16) - Hello worldwill be printed on Debug
INFO  | 2021-12-21 14:04:20 | [main] javapractise.App (App.java:17) - Hello worldwill be printed on info
WARN  | 2021-12-21 14:04:20 | [main] javapractise.App (App.java:18) - Hello worldwill be printed on warn
ERROR | 2021-12-21 14:04:20 | [main] javapractise.App (App.java:19) - Hello worldwill be printed on error
FATAL | 2021-12-21 14:04:20 | [main] javapractise.App (App.java:20) - Hello worldwill be printed on fatal
INFO  | 2021-12-21 14:04:20 | [main] javapractise.App (App.java:21) - Appending string: Hello world,
DEBUG | 2021-12-21 14:06:02 | [main] javapractise.App (App.java:16) - Hello worldwill be printed on Debug
INFO  | 2021-12-21 14:06:02 | [main] javapractise.App (App.java:17) - Hello worldwill be printed on info
WARN  | 2021-12-21 14:06:02 | [main] javapractise.App (App.java:18) - Hello worldwill be printed on warn
ERROR | 2021-12-21 14:06:02 | [main] javapractise.App (App.java:19) - Hello worldwill be printed on error
FATAL | 2021-12-21 14:06:02 | [main] javapractise.App (App.java:20) - Hello worldwill be printed on fatal
INFO  | 2021-12-21 14:06:02 | [main] javapractise.App (App.java:21) - Appending string: Hello world,
